app/build/outputs/logs/manifest-merger-debug-report.txt
-- Merging decision tree log ---
manifest
ADDED from src/main/AndroidManifest.xml:2:1-109:12
INJECTED from src/main/AndroidManifest.xml:2:1-109:12
INJECTED from src/main/AndroidManifest.xml:2:1-109:12
INJECTED from src/main/AndroidManifest.xml:2:1-109:12
MERGED from [com.android.support:support-v4:28.0.0] AndroidManifest.xml:17:1-22:12
MERGED from [com.android.support:support-media-compat:28.0.0] AndroidManifest.xml:17:1-22:12
MERGED from [com.android.support:support-fragment:28.0.0] AndroidManifest.xml:17:1-22:12
MERGED from [com.android.support:support-core-ui:28.0.0] AndroidManifest.xml:17:1-22:12
MERGED from [com.android.support:support-core-utils:28.0.0] AndroidManifest.xml:17:1-22:12
MERGED from [com.android.support:loader:28.0.0] AndroidManifest.xml:17:1-22:12
MERGED from [com.android.support:viewpager:28.0.0] AndroidManifest.xml:17:1-22:12
MERGED from [com.android.support:coordinatorlayout:28.0.0] AndroidManifest.xml:17:1-22:12
MERGED from [com.android.support:drawerlayout:28.0.0] AndroidManifest.xml:17:1-22:12
MERGED from [com.android.support:slidingpanelayout:28.0.0] AndroidManifest.xml:17:1-22:12
MERGED from [com.android.support:customview:28.0.0] AndroidManifest.xml:17:1-22:12
MERGED from [com.android.support:swiperefreshlayout:28.0.0] AndroidManifest.xml:17:1-22:12
MERGED from [com.android.support:asynclayoutinflater:28.0.0] AndroidManifest.xml:17:1-22:12
MERGED from [com.android.support:support-compat:28.0.0] AndroidManifest.xml:17:1-24:12
MERGED from [com.android.support:versionedparcelable:28.0.0] AndroidManifest.xml:17:1-25:12
MERGED from [android.arch.lifecycle:runtime:1.1.1] AndroidManifest.xml:17:1-22:12
MERGED from [com.android.support:documentfile:28.0.0] AndroidManifest.xml:17:1-22:12
MERGED from [com.android.support:localbroadcastmanager:28.0.0] AndroidManifest.xml:17:1-22:12
MERGED from [com.android.support:print:28.0.0] AndroidManifest.xml:17:1-22:12
MERGED from [com.android.support:interpolator:28.0.0] AndroidManifest.xml:17:1-22:12
MERGED from [com.android.support:cursoradapter:28.0.0] AndroidManifest.xml:17:1-22:12
MERGED from [android.arch.lifecycle:viewmodel:1.1.1] AndroidManifest.xml:17:1-22:12
MERGED from [android.arch.lifecycle:livedata:1.1.1] AndroidManifest.xml:17:1-22:12
MERGED from [android.arch.lifecycle:livedata-core:1.1.1] AndroidManifest.xml:17:1-22:12
MERGED from [android.arch.core:runtime:1.1.1] AndroidManifest.xml:17:1-22:12
INJECTED from src/main/AndroidManifest.xml:2:1-109:12
INJECTED from src/main/AndroidManifest.xml:2:1-109:12
INJECTED from src/main/AndroidManifest.xml:2:1-109:12
	package
		ADDED from src/main/AndroidManifest.xml:3:5-39
		INJECTED from src/main/AndroidManifest.xml
		INJECTED from src/main/AndroidManifest.xml
	android:versionName
		INJECTED from src/main/AndroidManifest.xml
		ADDED from src/main/AndroidManifest.xml:5:5-36
		INJECTED from src/main/AndroidManifest.xml
	android:versionCode
		INJECTED from src/main/AndroidManifest.xml
		ADDED from src/main/AndroidManifest.xml:4:10-33
		INJECTED from src/main/AndroidManifest.xml
	xmlns:android
		ADDED from src/main/AndroidManifest.xml:2:11-69
application
ADDED from src/main/AndroidManifest.xml:24:5-107:19
MERGED from [com.android.support:support-compat:28.0.0] AndroidManifest.xml:22:5-94
MERGED from [com.android.support:support-compat:28.0.0] AndroidManifest.xml:22:5-94
MERGED from [com.android.support:versionedparcelable:28.0.0] AndroidManifest.xml:22:5-23:19
MERGED from [com.android.support:versionedparcelable:28.0.0] AndroidManifest.xml:22:5-23:19
	android:appComponentFactory
		ADDED from [com.android.support:support-compat:28.0.0] AndroidManifest.xml:22:18-91
	android:label
		ADDED from src/main/AndroidManifest.xml:27:9-41
	android:icon
		ADDED from src/main/AndroidManifest.xml:26:9-36
	android:allowBackup
		ADDED from src/main/AndroidManifest.xml:25:9-35
	android:theme
		ADDED from src/main/AndroidManifest.xml:28:9-40
service#com.iitm.bharatikeyboard.BharatiIME
ADDED from src/main/AndroidManifest.xml:29:9-40:19
	android:label
		ADDED from src/main/AndroidManifest.xml:31:13-48
	android:permission
		ADDED from src/main/AndroidManifest.xml:32:13-70
	android:name
		ADDED from src/main/AndroidManifest.xml:30:13-39
meta-data#android.view.im
ADDED from src/main/AndroidManifest.xml:33:13-35:50
	android:resource
		ADDED from src/main/AndroidManifest.xml:35:17-47
	android:name
		ADDED from src/main/AndroidManifest.xml:34:17-47
intent-filter#action:name:android.view.InputMethod
ADDED from src/main/AndroidManifest.xml:37:13-39:29
action#android.view.InputMethod
ADDED from src/main/AndroidManifest.xml:38:17-67
	android:name
		ADDED from src/main/AndroidManifest.xml:38:25-64
activity#com.iitm.bharatikeyboard.SetUpWizard
ADDED from src/main/AndroidManifest.xml:42:9-52:20
	android:label
		ADDED from src/main/AndroidManifest.xml:45:13-48
	android:launchMode
		ADDED from src/main/AndroidManifest.xml:47:13-44
	android:icon
		ADDED from src/main/AndroidManifest.xml:46:13-40
	android:theme
		ADDED from src/main/AndroidManifest.xml:44:13-49
	android:name
		ADDED from src/main/AndroidManifest.xml:43:13-40
intent-filter#action:name:android.intent.action.MAIN+category:name:android.intent.category.LAUNCHER
ADDED from src/main/AndroidManifest.xml:48:13-51:29
action#android.intent.action.MAIN
ADDED from src/main/AndroidManifest.xml:49:17-68
	android:name
		ADDED from src/main/AndroidManifest.xml:49:25-66
category#android.intent.category.LAUNCHER
ADDED from src/main/AndroidManifest.xml:50:17-76
	android:name
		ADDED from src/main/AndroidManifest.xml:50:27-74
service#com.iitm.bharatikeyboard.SetupService
ADDED from src/main/AndroidManifest.xml:54:9-56:39
	android:exported
		ADDED from src/main/AndroidManifest.xml:56:13-37
	android:name
		ADDED from src/main/AndroidManifest.xml:55:13-40
activity#com.iitm.bharatikeyboard.SettingsActivity
ADDED from src/main/AndroidManifest.xml:57:9-59:46
	android:launchMode
		ADDED from src/main/AndroidManifest.xml:58:13-42
	android:theme
		ADDED from src/main/AndroidManifest.xml:59:13-44
	android:name
		ADDED from src/main/AndroidManifest.xml:57:19-51
activity#com.iitm.bharatikeyboard.AboutBharati
ADDED from src/main/AndroidManifest.xml:60:9-63:52
	android:launchMode
		ADDED from src/main/AndroidManifest.xml:62:13-42
	android:theme
		ADDED from src/main/AndroidManifest.xml:63:13-49
	android:name
		ADDED from src/main/AndroidManifest.xml:61:13-41
activity#com.iitm.bharatikeyboard.GettingStarted
ADDED from src/main/AndroidManifest.xml:64:9-67:52
	android:launchMode
		ADDED from src/main/AndroidManifest.xml:66:13-42
	android:theme
		ADDED from src/main/AndroidManifest.xml:67:13-49
	android:name
		ADDED from src/main/AndroidManifest.xml:65:13-43
activity#com.iitm.bharatikeyboard.BengaliActivity
ADDED from src/main/AndroidManifest.xml:70:9-73:47
	android:launchMode
		ADDED from src/main/AndroidManifest.xml:72:13-48
	android:theme
		ADDED from src/main/AndroidManifest.xml:73:13-44
	android:name
		ADDED from src/main/AndroidManifest.xml:71:13-44
activity#com.iitm.bharatikeyboard.DevanagariActivity
ADDED from src/main/AndroidManifest.xml:74:9-77:47
	android:launchMode
		ADDED from src/main/AndroidManifest.xml:76:13-48
	android:theme
		ADDED from src/main/AndroidManifest.xml:77:13-44
	android:name
		ADDED from src/main/AndroidManifest.xml:75:13-47
activity#com.iitm.bharatikeyboard.GujaratiActivity
ADDED from src/main/AndroidManifest.xml:78:9-81:47
	android:launchMode
		ADDED from src/main/AndroidManifest.xml:80:13-48
	android:theme
		ADDED from src/main/AndroidManifest.xml:81:13-44
	android:name
		ADDED from src/main/AndroidManifest.xml:79:13-45
activity#com.iitm.bharatikeyboard.GurmukhiActivity
ADDED from src/main/AndroidManifest.xml:82:9-85:47
	android:launchMode
		ADDED from src/main/AndroidManifest.xml:84:13-48
	android:theme
		ADDED from src/main/AndroidManifest.xml:85:13-44
	android:name
		ADDED from src/main/AndroidManifest.xml:83:13-45
activity#com.iitm.bharatikeyboard.KannadaActivity
ADDED from src/main/AndroidManifest.xml:86:9-89:47
	android:launchMode
		ADDED from src/main/AndroidManifest.xml:88:13-48
	android:theme
		ADDED from src/main/AndroidManifest.xml:89:13-44
	android:name
		ADDED from src/main/AndroidManifest.xml:87:13-44
activity#com.iitm.bharatikeyboard.MalayalamActivity
ADDED from src/main/AndroidManifest.xml:90:9-93:47
	android:launchMode
		ADDED from src/main/AndroidManifest.xml:92:13-48
	android:theme
		ADDED from src/main/AndroidManifest.xml:93:13-44
	android:name
		ADDED from src/main/AndroidManifest.xml:91:13-46
activity#com.iitm.bharatikeyboard.OdiaActivity
ADDED from src/main/AndroidManifest.xml:94:9-97:47
	android:launchMode
		ADDED from src/main/AndroidManifest.xml:96:13-48
	android:theme
		ADDED from src/main/AndroidManifest.xml:97:13-44
	android:name
		ADDED from src/main/AndroidManifest.xml:95:13-41
activity#com.iitm.bharatikeyboard.TamilActivity
ADDED from src/main/AndroidManifest.xml:98:9-101:47
	android:launchMode
		ADDED from src/main/AndroidManifest.xml:100:13-48
	android:theme
		ADDED from src/main/AndroidManifest.xml:101:13-44
	android:name
		ADDED from src/main/AndroidManifest.xml:99:13-42
activity#com.iitm.bharatikeyboard.TeluguActivity
ADDED from src/main/AndroidManifest.xml:102:9-105:47
	android:launchMode
		ADDED from src/main/AndroidManifest.xml:104:13-48
	android:theme
		ADDED from src/main/AndroidManifest.xml:105:13-44
	android:name
		ADDED from src/main/AndroidManifest.xml:103:13-43
uses-sdk
INJECTED from src/main/AndroidManifest.xml reason: use-sdk injection requested
INJECTED from src/main/AndroidManifest.xml
INJECTED from src/main/AndroidManifest.xml
MERGED from [com.android.support:support-v4:28.0.0] AndroidManifest.xml:20:5-44
MERGED from [com.android.support:support-v4:28.0.0] AndroidManifest.xml:20:5-44
MERGED from [com.android.support:support-media-compat:28.0.0] AndroidManifest.xml:20:5-44
MERGED from [com.android.support:support-media-compat:28.0.0] AndroidManifest.xml:20:5-44
MERGED from [com.android.support:support-fragment:28.0.0] AndroidManifest.xml:20:5-44
MERGED from [com.android.support:support-fragment:28.0.0] AndroidManifest.xml:20:5-44
MERGED from [com.android.support:support-core-ui:28.0.0] AndroidManifest.xml:20:5-44
MERGED from [com.android.support:support-core-ui:28.0.0] AndroidManifest.xml:20:5-44
MERGED from [com.android.support:support-core-utils:28.0.0] AndroidManifest.xml:20:5-44
MERGED from [com.android.support:support-core-utils:28.0.0] AndroidManifest.xml:20:5-44
MERGED from [com.android.support:loader:28.0.0] AndroidManifest.xml:20:5-44
MERGED from [com.android.support:loader:28.0.0] AndroidManifest.xml:20:5-44
MERGED from [com.android.support:viewpager:28.0.0] AndroidManifest.xml:20:5-44
MERGED from [com.android.support:viewpager:28.0.0] AndroidManifest.xml:20:5-44
MERGED from [com.android.support:coordinatorlayout:28.0.0] AndroidManifest.xml:20:5-44
MERGED from [com.android.support:coordinatorlayout:28.0.0] AndroidManifest.xml:20:5-44
MERGED from [com.android.support:drawerlayout:28.0.0] AndroidManifest.xml:20:5-44
MERGED from [com.android.support:drawerlayout:28.0.0] AndroidManifest.xml:20:5-44
MERGED from [com.android.support:slidingpanelayout:28.0.0] AndroidManifest.xml:20:5-44
MERGED from [com.android.support:slidingpanelayout:28.0.0] AndroidManifest.xml:20:5-44
MERGED from [com.android.support:customview:28.0.0] AndroidManifest.xml:20:5-44
MERGED from [com.android.support:customview:28.0.0] AndroidManifest.xml:20:5-44
MERGED from [com.android.support:swiperefreshlayout:28.0.0] AndroidManifest.xml:20:5-44
MERGED from [com.android.support:swiperefreshlayout:28.0.0] AndroidManifest.xml:20:5-44
MERGED from [com.android.support:asynclayoutinflater:28.0.0] AndroidManifest.xml:20:5-44
MERGED from [com.android.support:asynclayoutinflater:28.0.0] AndroidManifest.xml:20:5-44
MERGED from [com.android.support:support-compat:28.0.0] AndroidManifest.xml:20:5-44
MERGED from [com.android.support:support-compat:28.0.0] AndroidManifest.xml:20:5-44
MERGED from [com.android.support:versionedparcelable:28.0.0] AndroidManifest.xml:20:5-44
MERGED from [com.android.support:versionedparcelable:28.0.0] AndroidManifest.xml:20:5-44
MERGED from [android.arch.lifecycle:runtime:1.1.1] AndroidManifest.xml:20:5-44
MERGED from [android.arch.lifecycle:runtime:1.1.1] AndroidManifest.xml:20:5-44
MERGED from [com.android.support:documentfile:28.0.0] AndroidManifest.xml:20:5-44
MERGED from [com.android.support:documentfile:28.0.0] AndroidManifest.xml:20:5-44
MERGED from [com.android.support:localbroadcastmanager:28.0.0] AndroidManifest.xml:20:5-44
MERGED from [com.android.support:localbroadcastmanager:28.0.0] AndroidManifest.xml:20:5-44
MERGED from [com.android.support:print:28.0.0] AndroidManifest.xml:20:5-44
MERGED from [com.android.support:print:28.0.0] AndroidManifest.xml:20:5-44
MERGED from [com.android.support:interpolator:28.0.0] AndroidManifest.xml:20:5-44
MERGED from [com.android.support:interpolator:28.0.0] AndroidManifest.xml:20:5-44
MERGED from [com.android.support:cursoradapter:28.0.0] AndroidManifest.xml:20:5-44
MERGED from [com.android.support:cursoradapter:28.0.0] AndroidManifest.xml:20:5-44
MERGED from [android.arch.lifecycle:viewmodel:1.1.1] AndroidManifest.xml:20:5-44
MERGED from [android.arch.lifecycle:viewmodel:1.1.1] AndroidManifest.xml:20:5-44
MERGED from [android.arch.lifecycle:livedata:1.1.1] AndroidManifest.xml:20:5-44
MERGED from [android.arch.lifecycle:livedata:1.1.1] AndroidManifest.xml:20:5-44
MERGED from [android.arch.lifecycle:livedata-core:1.1.1] AndroidManifest.xml:20:5-44
MERGED from [android.arch.lifecycle:livedata-core:1.1.1] AndroidManifest.xml:20:5-44
MERGED from [android.arch.core:runtime:1.1.1] AndroidManifest.xml:20:5-44
MERGED from [android.arch.core:runtime:1.1.1] AndroidManifest.xml:20:5-44
INJECTED from src/main/AndroidManifest.xml
INJECTED from src/main/AndroidManifest.xml
	android:targetSdkVersion
		INJECTED from src/main/AndroidManifest.xml
		ADDED from src/main/AndroidManifest.xml
		INJECTED from src/main/AndroidManifest.xml
	android:minSdkVersion
		INJECTED from src/main/AndroidManifest.xml
		ADDED from src/main/AndroidManifest.xml
		INJECTED from src/main/AndroidManifest.xml